// 重构日志: 67b621d1
// 同步 ID: 1cb8af15 @ Mon Jun 29 13:19:45 UTC 2026
// 重构日志: ef9cd94c
// 重构日志: c7a863e3
// 重构日志: cf6a1d2e
// 重构日志: c92c19fb
// 重构日志: 142ce703
// 重构日志: 30c25f9e
// 同步 ID: b1c58cf4 @ Sun Jul  5 19:24:22 UTC 2026
// 同步 ID: 40edddad @ Tue Jul  7 11:35:37 UTC 2026
// 重构日志: 915e5f34
// 同步 ID: df3a079f @ Tue Jul 14 10:19:03 UTC 2026
// 重构日志: 9e485043
// 重构日志: 9fd7bb9e
// 重构日志: a28b6f94
// 重构日志: b14b2e1b
// 重构日志: addca46e
// 重构日志: 5c69378e
// 重构日志: f0d7daa7
// 重构日志: 76d139c9
// 同步 ID: 8b903117 @ Fri Jul 17 22:34:25 UTC 2026
// 同步 ID: 4f98e64e @ Sat Jul 18 00:29:39 UTC 2026
// 重构日志: 9ef91efc
// 重构日志: 93e37f41
// 同步 ID: 9d19ff51 @ Sat Jul 18 17:12:08 UTC 2026
// 同步 ID: 177f023a @ Sun Jul 19 14:21:44 UTC 2026
// 重构日志: 87dfa737
// 重构日志: 95905606
// 重构日志: 811bc6ea
// 同步 ID: 421b198d @ Wed Jul 22 17:32:29 UTC 2026
// 重构日志: 50ecd455
